2019-08-11 10:33:27,548 - infoLogger - INFO - main console started
2019-08-11 10:33:28,821 - infoLogger - INFO - banking console started
2019-08-11 10:33:34,287 - infoLogger - INFO - Jack logged in.
2019-08-11 10:33:50,987 - infoLogger - INFO - Jack logged out.
2019-08-11 10:33:54,471 - infoLogger - INFO - Jack logged in.
2019-08-11 10:34:05,200 - infoLogger - INFO - Jack logged out.
2019-08-11 10:34:06,319 - infoLogger - INFO - banking console exited
2019-08-11 10:34:07,486 - infoLogger - INFO - main console exited
2019-08-11 10:35:30,410 - infoLogger - INFO - main console started
2019-08-11 10:35:31,807 - infoLogger - INFO - banking console started
2019-08-11 10:35:35,248 - infoLogger - INFO - Jack logged in.
2019-08-11 10:36:13,310 - infoLogger - INFO - Jack logged out.
2019-08-11 10:36:15,629 - infoLogger - INFO - banking console exited
2019-08-11 10:36:16,999 - infoLogger - INFO - main console exited
2019-08-11 10:44:54,926 - infoLogger - INFO - main console started
2019-08-11 10:44:55,978 - infoLogger - INFO - banking console started
2019-08-11 10:45:01,587 - infoLogger - INFO - Jack logged in.
2019-08-11 10:45:18,489 - infoLogger - INFO - Jack logged out.
2019-08-11 10:45:21,823 - infoLogger - INFO - Jack logged in.
2019-08-11 10:45:30,997 - infoLogger - INFO - Jack logged out.
2019-08-11 10:45:32,213 - infoLogger - INFO - banking console exited
2019-08-11 10:45:34,077 - infoLogger - INFO - main console exited
2019-08-11 10:49:23,131 - infoLogger - INFO - main console started
2019-08-11 10:49:24,504 - infoLogger - INFO - banking console started
2019-08-11 10:49:28,304 - infoLogger - INFO - Jack logged in.
2019-08-11 10:49:48,790 - infoLogger - INFO - Jack logged out.
2019-08-11 10:49:49,874 - infoLogger - INFO - banking console exited
2019-08-11 10:49:51,509 - infoLogger - INFO - main console exited
2019-08-11 10:56:08,668 - infoLogger - INFO - main console started
2019-08-11 10:56:09,730 - infoLogger - INFO - banking console started
2019-08-11 10:56:27,989 - infoLogger - INFO - Yveltel registered.
2019-08-11 10:56:38,205 - infoLogger - INFO - Yveltel logged in.
2019-08-11 10:56:57,843 - infoLogger - INFO - Yveltel logged out.
2019-08-11 10:56:59,233 - infoLogger - INFO - banking console exited
2019-08-11 10:57:00,373 - infoLogger - INFO - main console exited
2019-08-11 11:02:27,863 - infoLogger - INFO - main console started
2019-08-11 11:02:29,202 - infoLogger - INFO - banking console started
2019-08-11 11:02:34,724 - infoLogger - INFO - Yveltel logged in.
2019-08-11 11:02:48,029 - infoLogger - INFO - Yveltel logged out.
2019-08-11 11:02:55,618 - infoLogger - INFO - Yveltel logged in.
2019-08-11 11:03:07,922 - infoLogger - INFO - Yveltel logged out.
2019-08-11 11:03:08,960 - infoLogger - INFO - banking console exited
2019-08-11 11:03:09,860 - infoLogger - INFO - main console exited
2019-08-11 11:07:12,322 - infoLogger - INFO - main console started
2019-08-11 11:07:13,846 - infoLogger - INFO - banking console started
2019-08-11 11:07:20,645 - infoLogger - INFO - Yveltel logged in.
2019-08-11 11:07:29,954 - infoLogger - INFO - Yveltel logged out.
2019-08-11 11:07:37,312 - infoLogger - INFO - Yveltel logged in.
2019-08-11 11:07:40,852 - infoLogger - INFO - Yveltel logged out.
2019-08-11 11:07:42,755 - infoLogger - INFO - banking console exited
2019-08-11 11:07:43,774 - infoLogger - INFO - main console exited

2019-08-11 11:49:08,370 - infoLogger - INFO - main console started
2019-08-11 11:49:09,945 - infoLogger - INFO - banking console started
2019-08-11 11:49:20,346 - infoLogger - INFO - Jack registered.
2019-08-11 11:49:23,586 - infoLogger - INFO - Jack logged in.
2019-08-11 11:50:08,417 - infoLogger - INFO - Jack logged out.
2019-08-11 11:50:12,696 - infoLogger - INFO - Jack logged in.
2019-08-11 11:50:19,009 - infoLogger - INFO - Jack logged out.
2019-08-11 11:50:20,420 - infoLogger - INFO - banking console exited
2019-08-11 11:50:21,390 - infoLogger - INFO - main console exited
2019-08-11 11:52:47,989 - infoLogger - INFO - main console started
2019-08-11 11:52:49,233 - infoLogger - INFO - banking console started
2019-08-11 11:52:54,631 - infoLogger - INFO - Jack logged in.
2019-08-11 11:53:11,613 - infoLogger - INFO - Jack logged out.
2019-08-11 11:53:12,774 - infoLogger - INFO - banking console exited
2019-08-11 11:53:13,745 - infoLogger - INFO - main console exited
2019-08-11 12:32:03,850 - infoLogger - INFO - main console started
2019-08-11 12:32:05,643 - infoLogger - INFO - banking console started
2019-08-11 12:32:32,406 - infoLogger - INFO - Yveltel registered.
2019-08-11 12:32:47,834 - infoLogger - INFO - Yveltel logged in.
2019-08-11 12:33:23,176 - infoLogger - INFO - Yveltel logged out.
2019-08-11 12:33:26,285 - infoLogger - INFO - banking console exited
2019-08-11 12:33:29,906 - infoLogger - INFO - main console exited
2019-08-11 12:36:48,078 - infoLogger - INFO - main console started
2019-08-11 12:36:49,705 - infoLogger - INFO - banking console started
2019-08-11 12:36:56,784 - infoLogger - INFO - Yveltel logged in.
2019-08-11 12:37:33,019 - infoLogger - INFO - Yveltel logged out.
2019-08-11 12:37:41,765 - infoLogger - INFO - Yveltel logged in.
2019-08-11 12:37:51,027 - infoLogger - INFO - Yveltel logged out.
2019-08-11 12:37:55,601 - infoLogger - INFO - banking console exited
2019-08-11 12:37:57,080 - infoLogger - INFO - main console exited
2019-08-11 12:44:05,015 - infoLogger - INFO - main console started
2019-08-11 12:44:06,205 - infoLogger - INFO - banking console started
2019-08-11 12:44:10,896 - infoLogger - INFO - Jack logged in.
2019-08-11 12:44:21,114 - infoLogger - INFO - Jack logged out.
2019-08-11 12:44:22,034 - infoLogger - INFO - banking console exited
2019-08-11 12:44:23,132 - infoLogger - INFO - main console exited
2019-08-13 06:07:08,068 - infoLogger - INFO - main console started
2019-08-13 06:07:09,951 - infoLogger - INFO - banking console started
2019-08-13 06:07:23,812 - infoLogger - INFO - Jack logged in.
2019-08-13 06:08:05,649 - infoLogger - INFO - Jack logged out.
2019-08-13 06:08:22,056 - infoLogger - INFO - Ulrich registered.
2019-08-13 06:08:28,972 - infoLogger - INFO - Ulrich logged in.
2019-08-13 06:08:38,534 - infoLogger - INFO - Ulrich logged out.
2019-08-13 06:08:43,673 - infoLogger - INFO - Jack logged in.
2019-08-13 06:08:49,221 - infoLogger - INFO - Jack logged out.
2019-08-13 06:08:52,899 - infoLogger - INFO - banking console exited
2019-08-13 06:08:54,251 - infoLogger - INFO - main console exited
